Analysis & Synthesis report for CEG3155_Lab2
Fri Oct 17 18:49:01 2025
Quartus II 64-Bit Version 13.0.1 Build 232 06/12/2013 Service Pack 1 SJ Web Edition


---------------------
; Table of Contents ;
---------------------
  1. Legal Notice
  2. Analysis & Synthesis Summary
  3. Analysis & Synthesis Settings
  4. Parallel Compilation
  5. Analysis & Synthesis Source Files Read
  6. Analysis & Synthesis Resource Usage Summary
  7. Analysis & Synthesis Resource Utilization by Entity
  8. State Machine - |alu_top|nr_div4_signed:U_DIV|st
  9. State Machine - |alu_top|booth_mul4:U_MUL|st
 10. User-Specified and Inferred Latches
 11. General Register Statistics
 12. Multiplexer Restructuring Statistics (Restructuring Performed)
 13. Parameter Settings for User Entity Instance: addsub_n:U_ADD
 14. Parameter Settings for User Entity Instance: addsub_n:U_ADD|rca_n:U_RCA
 15. Parameter Settings for User Entity Instance: addsub_n:U_SUB
 16. Parameter Settings for User Entity Instance: addsub_n:U_SUB|rca_n:U_RCA
 17. Parameter Settings for User Entity Instance: booth_mul4:U_MUL|addsub_n:U_ADD
 18. Parameter Settings for User Entity Instance: booth_mul4:U_MUL|addsub_n:U_ADD|rca_n:U_RCA
 19. Port Connectivity Checks: "nr_div4_signed:U_DIV"
 20. Port Connectivity Checks: "booth_mul4:U_MUL|addsub_n:U_ADD"
 21. Port Connectivity Checks: "addsub_n:U_SUB"
 22. Port Connectivity Checks: "addsub_n:U_ADD"
 23. Elapsed Time Per Partition
 24. Analysis & Synthesis Messages



----------------
; Legal Notice ;
----------------
Copyright (C) 1991-2013 Altera Corporation
Your use of Altera Corporation's design tools, logic functions 
and other software and tools, and its AMPP partner logic 
functions, and any output files from any of the foregoing 
(including device programming or simulation files), and any 
associated documentation or information are expressly subject 
to the terms and conditions of the Altera Program License 
Subscription Agreement, Altera MegaCore Function License 
Agreement, or other applicable license agreement, including, 
without limitation, that your use is for the sole purpose of 
programming logic devices manufactured by Altera and sold by 
Altera or its authorized distributors.  Please refer to the 
applicable agreement for further details.



+--------------------------------------------------------------------------------------+
; Analysis & Synthesis Summary                                                         ;
+------------------------------------+-------------------------------------------------+
; Analysis & Synthesis Status        ; Successful - Fri Oct 17 18:49:01 2025           ;
; Quartus II 64-Bit Version          ; 13.0.1 Build 232 06/12/2013 SP 1 SJ Web Edition ;
; Revision Name                      ; CEG3155_Lab2                                    ;
; Top-level Entity Name              ; alu_top                                         ;
; Family                             ; Cyclone IV E                                    ;
; Total logic elements               ; 211                                             ;
;     Total combinational functions  ; 191                                             ;
;     Dedicated logic registers      ; 107                                             ;
; Total registers                    ; 107                                             ;
; Total pins                         ; 23                                              ;
; Total virtual pins                 ; 0                                               ;
; Total memory bits                  ; 0                                               ;
; Embedded Multiplier 9-bit elements ; 0                                               ;
; Total PLLs                         ; 0                                               ;
+------------------------------------+-------------------------------------------------+


+----------------------------------------------------------------------------------------------------------------------+
; Analysis & Synthesis Settings                                                                                        ;
+----------------------------------------------------------------------------+--------------------+--------------------+
; Option                                                                     ; Setting            ; Default Value      ;
+----------------------------------------------------------------------------+--------------------+--------------------+
; Device                                                                     ; EP4CE115F29C7      ;                    ;
; Top-level entity name                                                      ; alu_top            ; CEG3155_Lab2       ;
; Family name                                                                ; Cyclone IV E       ; Cyclone IV GX      ;
; Use smart compilation                                                      ; Off                ; Off                ;
; Enable parallel Assembler and TimeQuest Timing Analyzer during compilation ; On                 ; On                 ;
; Enable compact report table                                                ; Off                ; Off                ;
; Restructure Multiplexers                                                   ; Auto               ; Auto               ;
; Create Debugging Nodes for IP Cores                                        ; Off                ; Off                ;
; Preserve fewer node names                                                  ; On                 ; On                 ;
; Disable OpenCore Plus hardware evaluation                                  ; Off                ; Off                ;
; Verilog Version                                                            ; Verilog_2001       ; Verilog_2001       ;
; VHDL Version                                                               ; VHDL_1993          ; VHDL_1993          ;
; State Machine Processing                                                   ; Auto               ; Auto               ;
; Safe State Machine                                                         ; Off                ; Off                ;
; Extract Verilog State Machines                                             ; On                 ; On                 ;
; Extract VHDL State Machines                                                ; On                 ; On                 ;
; Ignore Verilog initial constructs                                          ; Off                ; Off                ;
; Iteration limit for constant Verilog loops                                 ; 5000               ; 5000               ;
; Iteration limit for non-constant Verilog loops                             ; 250                ; 250                ;
; Add Pass-Through Logic to Inferred RAMs                                    ; On                 ; On                 ;
; Infer RAMs from Raw Logic                                                  ; On                 ; On                 ;
; Parallel Synthesis                                                         ; On                 ; On                 ;
; DSP Block Balancing                                                        ; Auto               ; Auto               ;
; NOT Gate Push-Back                                                         ; On                 ; On                 ;
; Power-Up Don't Care                                                        ; On                 ; On                 ;
; Remove Redundant Logic Cells                                               ; Off                ; Off                ;
; Remove Duplicate Registers                                                 ; On                 ; On                 ;
; Ignore CARRY Buffers                                                       ; Off                ; Off                ;
; Ignore CASCADE Buffers                                                     ; Off                ; Off                ;
; Ignore GLOBAL Buffers                                                      ; Off                ; Off                ;
; Ignore ROW GLOBAL Buffers                                                  ; Off                ; Off                ;
; Ignore LCELL Buffers                                                       ; Off                ; Off                ;
; Ignore SOFT Buffers                                                        ; On                 ; On                 ;
; Limit AHDL Integers to 32 Bits                                             ; Off                ; Off                ;
; Optimization Technique                                                     ; Balanced           ; Balanced           ;
; Carry Chain Length                                                         ; 70                 ; 70                 ;
; Auto Carry Chains                                                          ; On                 ; On                 ;
; Auto Open-Drain Pins                                                       ; On                 ; On                 ;
; Perform WYSIWYG Primitive Resynthesis                                      ; Off                ; Off                ;
; Auto ROM Replacement                                                       ; On                 ; On                 ;
; Auto RAM Replacement                                                       ; On                 ; On                 ;
; Auto DSP Block Replacement                                                 ; On                 ; On                 ;
; Auto Shift Register Replacement                                            ; Auto               ; Auto               ;
; Allow Shift Register Merging across Hierarchies                            ; Auto               ; Auto               ;
; Auto Clock Enable Replacement                                              ; On                 ; On                 ;
; Strict RAM Replacement                                                     ; Off                ; Off                ;
; Allow Synchronous Control Signals                                          ; On                 ; On                 ;
; Force Use of Synchronous Clear Signals                                     ; Off                ; Off                ;
; Auto RAM Block Balancing                                                   ; On                 ; On                 ;
; Auto RAM to Logic Cell Conversion                                          ; Off                ; Off                ;
; Auto Resource Sharing                                                      ; Off                ; Off                ;
; Allow Any RAM Size For Recognition                                         ; Off                ; Off                ;
; Allow Any ROM Size For Recognition                                         ; Off                ; Off                ;
; Allow Any Shift Register Size For Recognition                              ; Off                ; Off                ;
; Use LogicLock Constraints during Resource Balancing                        ; On                 ; On                 ;
; Ignore translate_off and synthesis_off directives                          ; Off                ; Off                ;
; Timing-Driven Synthesis                                                    ; On                 ; On                 ;
; Report Parameter Settings                                                  ; On                 ; On                 ;
; Report Source Assignments                                                  ; On                 ; On                 ;
; Report Connectivity Checks                                                 ; On                 ; On                 ;
; Ignore Maximum Fan-Out Assignments                                         ; Off                ; Off                ;
; Synchronization Register Chain Length                                      ; 2                  ; 2                  ;
; PowerPlay Power Optimization                                               ; Normal compilation ; Normal compilation ;
; HDL message level                                                          ; Level2             ; Level2             ;
; Suppress Register Optimization Related Messages                            ; Off                ; Off                ;
; Number of Removed Registers Reported in Synthesis Report                   ; 5000               ; 5000               ;
; Number of Swept Nodes Reported in Synthesis Report                         ; 5000               ; 5000               ;
; Number of Inverted Registers Reported in Synthesis Report                  ; 100                ; 100                ;
; Clock MUX Protection                                                       ; On                 ; On                 ;
; Auto Gated Clock Conversion                                                ; Off                ; Off                ;
; Block Design Naming                                                        ; Auto               ; Auto               ;
; SDC constraint protection                                                  ; Off                ; Off                ;
; Synthesis Effort                                                           ; Auto               ; Auto               ;
; Shift Register Replacement - Allow Asynchronous Clear Signal               ; On                 ; On                 ;
; Pre-Mapping Resynthesis Optimization                                       ; Off                ; Off                ;
; Analysis & Synthesis Message Level                                         ; Medium             ; Medium             ;
; Disable Register Merging Across Hierarchies                                ; Auto               ; Auto               ;
; Resource Aware Inference For Block RAM                                     ; On                 ; On                 ;
; Synthesis Seed                                                             ; 1                  ; 1                  ;
+----------------------------------------------------------------------------+--------------------+--------------------+


Parallel compilation was disabled, but you have multiple processors available. Enable parallel compilation to reduce compilation time.
+-------------------------------------+
; Parallel Compilation                ;
+----------------------------+--------+
; Processors                 ; Number ;
+----------------------------+--------+
; Number detected on machine ; 16     ;
; Maximum allowed            ; 1      ;
+----------------------------+--------+


+-----------------------------------------------------------------------------------------------------------------------------+
; Analysis & Synthesis Source Files Read                                                                                      ;
+----------------------------------+-----------------+-----------------+--------------------------------------------+---------+
; File Name with User-Entered Path ; Used in Netlist ; File Type       ; File Name with Absolute Path               ; Library ;
+----------------------------------+-----------------+-----------------+--------------------------------------------+---------+
; full_adder.vhd                   ; yes             ; User VHDL File  ; C:/Project/CEG3155_Lab2/full_adder.vhd     ;         ;
; rca_n.vhd                        ; yes             ; User VHDL File  ; C:/Project/CEG3155_Lab2/rca_n.vhd          ;         ;
; addsub_n.vhd                     ; yes             ; User VHDL File  ; C:/Project/CEG3155_Lab2/addsub_n.vhd       ;         ;
; booth_mul4.vhd                   ; yes             ; User VHDL File  ; C:/Project/CEG3155_Lab2/booth_mul4.vhd     ;         ;
; nr_div4_signed.vhd               ; yes             ; User VHDL File  ; C:/Project/CEG3155_Lab2/nr_div4_signed.vhd ;         ;
; alu_top.vhd                      ; yes             ; User VHDL File  ; C:/Project/CEG3155_Lab2/alu_top.vhd        ;         ;
+----------------------------------+-----------------+-----------------+--------------------------------------------+---------+


+------------------------------------------------------------+
; Analysis & Synthesis Resource Usage Summary                ;
+---------------------------------------------+--------------+
; Resource                                    ; Usage        ;
+---------------------------------------------+--------------+
; Estimated Total logic elements              ; 211          ;
;                                             ;              ;
; Total combinational functions               ; 191          ;
; Logic element usage by number of LUT inputs ;              ;
;     -- 4 input functions                    ; 97           ;
;     -- 3 input functions                    ; 50           ;
;     -- <=2 input functions                  ; 44           ;
;                                             ;              ;
; Logic elements by mode                      ;              ;
;     -- normal mode                          ; 187          ;
;     -- arithmetic mode                      ; 4            ;
;                                             ;              ;
; Total registers                             ; 107          ;
;     -- Dedicated logic registers            ; 107          ;
;     -- I/O registers                        ; 0            ;
;                                             ;              ;
; I/O pins                                    ; 23           ;
; Embedded Multiplier 9-bit elements          ; 0            ;
; Maximum fan-out node                        ; GClock~input ;
; Maximum fan-out                             ; 107          ;
; Total fan-out                               ; 987          ;
; Average fan-out                             ; 2.87         ;
+---------------------------------------------+--------------+


+-----------------------------------------------------------------------------------------------------------------------------------------------------------------------------------------------------------------------------------------------+
; Analysis & Synthesis Resource Utilization by Entity                                                                                                                                                                                           ;
+--------------------------------------+-------------------+--------------+-------------+--------------+---------+-----------+------+--------------+-----------------------------------------------------------------------------+--------------+
; Compilation Hierarchy Node           ; LC Combinationals ; LC Registers ; Memory Bits ; DSP Elements ; DSP 9x9 ; DSP 18x18 ; Pins ; Virtual Pins ; Full Hierarchy Name                                                         ; Library Name ;
+--------------------------------------+-------------------+--------------+-------------+--------------+---------+-----------+------+--------------+-----------------------------------------------------------------------------+--------------+
; |alu_top                             ; 191 (72)          ; 107 (38)     ; 0           ; 0            ; 0       ; 0         ; 23   ; 0            ; |alu_top                                                                    ; work         ;
;    |addsub_n:U_ADD|                  ; 3 (0)             ; 0 (0)        ; 0           ; 0            ; 0       ; 0         ; 0    ; 0            ; |alu_top|addsub_n:U_ADD                                                     ; work         ;
;       |rca_n:U_RCA|                  ; 3 (0)             ; 0 (0)        ; 0           ; 0            ; 0       ; 0         ; 0    ; 0            ; |alu_top|addsub_n:U_ADD|rca_n:U_RCA                                         ; work         ;
;          |full_adder:\gen:1:fa_i|    ; 1 (1)             ; 0 (0)        ; 0           ; 0            ; 0       ; 0         ; 0    ; 0            ; |alu_top|addsub_n:U_ADD|rca_n:U_RCA|full_adder:\gen:1:fa_i                  ; work         ;
;          |full_adder:\gen:2:fa_i|    ; 1 (1)             ; 0 (0)        ; 0           ; 0            ; 0       ; 0         ; 0    ; 0            ; |alu_top|addsub_n:U_ADD|rca_n:U_RCA|full_adder:\gen:2:fa_i                  ; work         ;
;          |full_adder:\gen:3:fa_i|    ; 1 (1)             ; 0 (0)        ; 0           ; 0            ; 0       ; 0         ; 0    ; 0            ; |alu_top|addsub_n:U_ADD|rca_n:U_RCA|full_adder:\gen:3:fa_i                  ; work         ;
;    |addsub_n:U_SUB|                  ; 4 (0)             ; 0 (0)        ; 0           ; 0            ; 0       ; 0         ; 0    ; 0            ; |alu_top|addsub_n:U_SUB                                                     ; work         ;
;       |rca_n:U_RCA|                  ; 4 (0)             ; 0 (0)        ; 0           ; 0            ; 0       ; 0         ; 0    ; 0            ; |alu_top|addsub_n:U_SUB|rca_n:U_RCA                                         ; work         ;
;          |full_adder:\gen:1:fa_i|    ; 1 (1)             ; 0 (0)        ; 0           ; 0            ; 0       ; 0         ; 0    ; 0            ; |alu_top|addsub_n:U_SUB|rca_n:U_RCA|full_adder:\gen:1:fa_i                  ; work         ;
;          |full_adder:\gen:2:fa_i|    ; 1 (1)             ; 0 (0)        ; 0           ; 0            ; 0       ; 0         ; 0    ; 0            ; |alu_top|addsub_n:U_SUB|rca_n:U_RCA|full_adder:\gen:2:fa_i                  ; work         ;
;          |full_adder:\gen:3:fa_i|    ; 2 (2)             ; 0 (0)        ; 0           ; 0            ; 0       ; 0         ; 0    ; 0            ; |alu_top|addsub_n:U_SUB|rca_n:U_RCA|full_adder:\gen:3:fa_i                  ; work         ;
;    |booth_mul4:U_MUL|                ; 44 (40)           ; 24 (24)      ; 0           ; 0            ; 0       ; 0         ; 0    ; 0            ; |alu_top|booth_mul4:U_MUL                                                   ; work         ;
;       |addsub_n:U_ADD|               ; 4 (0)             ; 0 (0)        ; 0           ; 0            ; 0       ; 0         ; 0    ; 0            ; |alu_top|booth_mul4:U_MUL|addsub_n:U_ADD                                    ; work         ;
;          |rca_n:U_RCA|               ; 4 (0)             ; 0 (0)        ; 0           ; 0            ; 0       ; 0         ; 0    ; 0            ; |alu_top|booth_mul4:U_MUL|addsub_n:U_ADD|rca_n:U_RCA                        ; work         ;
;             |full_adder:\gen:0:fa_i| ; 1 (1)             ; 0 (0)        ; 0           ; 0            ; 0       ; 0         ; 0    ; 0            ; |alu_top|booth_mul4:U_MUL|addsub_n:U_ADD|rca_n:U_RCA|full_adder:\gen:0:fa_i ; work         ;
;             |full_adder:\gen:1:fa_i| ; 2 (2)             ; 0 (0)        ; 0           ; 0            ; 0       ; 0         ; 0    ; 0            ; |alu_top|booth_mul4:U_MUL|addsub_n:U_ADD|rca_n:U_RCA|full_adder:\gen:1:fa_i ; work         ;
;             |full_adder:\gen:2:fa_i| ; 1 (1)             ; 0 (0)        ; 0           ; 0            ; 0       ; 0         ; 0    ; 0            ; |alu_top|booth_mul4:U_MUL|addsub_n:U_ADD|rca_n:U_RCA|full_adder:\gen:2:fa_i ; work         ;
;    |nr_div4_signed:U_DIV|            ; 68 (68)           ; 45 (45)      ; 0           ; 0            ; 0       ; 0         ; 0    ; 0            ; |alu_top|nr_div4_signed:U_DIV                                               ; work         ;
+--------------------------------------+-------------------+--------------+-------------+--------------+---------+-----------+------+--------------+-----------------------------------------------------------------------------+--------------+
Note: For table entries with two numbers listed, the numbers in parentheses indicate the number of resources of the given type used by the specific entity alone. The numbers listed outside of parentheses indicate the total resources of the given type used by the specific entity and all of its sub-entities in the hierarchy.


Encoding Type:  One-Hot
+-------------------------------------------------------------------------------------------------+
; State Machine - |alu_top|nr_div4_signed:U_DIV|st                                                ;
+------------+-----------+-----------+----------+------------+------------+-----------+-----------+
; Name       ; st.S_DONE ; st.S_SIGN ; st.S_DEC ; st.S_CHECK ; st.S_SHIFT ; st.S_PREP ; st.S_IDLE ;
+------------+-----------+-----------+----------+------------+------------+-----------+-----------+
; st.S_IDLE  ; 0         ; 0         ; 0        ; 0          ; 0          ; 0         ; 0         ;
; st.S_PREP  ; 0         ; 0         ; 0        ; 0          ; 0          ; 1         ; 1         ;
; st.S_SHIFT ; 0         ; 0         ; 0        ; 0          ; 1          ; 0         ; 1         ;
; st.S_CHECK ; 0         ; 0         ; 0        ; 1          ; 0          ; 0         ; 1         ;
; st.S_DEC   ; 0         ; 0         ; 1        ; 0          ; 0          ; 0         ; 1         ;
; st.S_SIGN  ; 0         ; 1         ; 0        ; 0          ; 0          ; 0         ; 1         ;
; st.S_DONE  ; 1         ; 0         ; 0        ; 0          ; 0          ; 0         ; 1         ;
+------------+-----------+-----------+----------+------------+------------+-----------+-----------+


Encoding Type:  One-Hot
+-----------------------------------------------------------------------------------+
; State Machine - |alu_top|booth_mul4:U_MUL|st                                      ;
+------------+-----------+----------+------------+---------+------------+-----------+
; Name       ; st.S_DONE ; st.S_DEC ; st.S_SHIFT ; st.S_OP ; st.S_CHECK ; st.S_IDLE ;
+------------+-----------+----------+------------+---------+------------+-----------+
; st.S_IDLE  ; 0         ; 0        ; 0          ; 0       ; 0          ; 0         ;
; st.S_CHECK ; 0         ; 0        ; 0          ; 0       ; 1          ; 1         ;
; st.S_OP    ; 0         ; 0        ; 0          ; 1       ; 0          ; 1         ;
; st.S_SHIFT ; 0         ; 0        ; 1          ; 0       ; 0          ; 1         ;
; st.S_DEC   ; 0         ; 1        ; 0          ; 0       ; 0          ; 1         ;
; st.S_DONE  ; 1         ; 0        ; 0          ; 0       ; 0          ; 1         ;
+------------+-----------+----------+------------+---------+------------+-----------+


+-----------------------------------------------------------------------------------------------------------+
; User-Specified and Inferred Latches                                                                       ;
+----------------------------------------------------+-----------------------------+------------------------+
; Latch Name                                         ; Latch Enable Signal         ; Free of Timing Hazards ;
+----------------------------------------------------+-----------------------------+------------------------+
; booth_mul4:U_MUL|bundle[1]                         ; booth_mul4:U_MUL|st.S_SHIFT ; yes                    ;
; booth_mul4:U_MUL|bundle[2]                         ; booth_mul4:U_MUL|st.S_SHIFT ; yes                    ;
; booth_mul4:U_MUL|bundle[3]                         ; booth_mul4:U_MUL|st.S_SHIFT ; yes                    ;
; booth_mul4:U_MUL|bundle[4]                         ; booth_mul4:U_MUL|st.S_SHIFT ; yes                    ;
; booth_mul4:U_MUL|bundle[5]                         ; booth_mul4:U_MUL|st.S_SHIFT ; yes                    ;
; booth_mul4:U_MUL|bundle[6]                         ; booth_mul4:U_MUL|st.S_SHIFT ; yes                    ;
; booth_mul4:U_MUL|bundle[7]                         ; booth_mul4:U_MUL|st.S_SHIFT ; yes                    ;
; booth_mul4:U_MUL|bundle[8]                         ; booth_mul4:U_MUL|st.S_SHIFT ; yes                    ;
; booth_mul4:U_MUL|bundle[0]                         ; booth_mul4:U_MUL|st.S_SHIFT ; yes                    ;
; Number of user-specified and inferred latches = 9  ;                             ;                        ;
+----------------------------------------------------+-----------------------------+------------------------+
Note: All latches listed above may not be present at the end of synthesis due to various synthesis optimizations.


+------------------------------------------------------+
; General Register Statistics                          ;
+----------------------------------------------+-------+
; Statistic                                    ; Value ;
+----------------------------------------------+-------+
; Total registers                              ; 107   ;
; Number of registers using Synchronous Clear  ; 37    ;
; Number of registers using Synchronous Load   ; 4     ;
; Number of registers using Asynchronous Clear ; 0     ;
; Number of registers using Asynchronous Load  ; 0     ;
; Number of registers using Clock Enable       ; 69    ;
; Number of registers using Preset             ; 0     ;
+----------------------------------------------+-------+


+------------------------------------------------------------------------------------------------------------------------------------------------------+
; Multiplexer Restructuring Statistics (Restructuring Performed)                                                                                       ;
+--------------------+-----------+---------------+----------------------+------------------------+------------+----------------------------------------+
; Multiplexer Inputs ; Bus Width ; Baseline Area ; Area if Restructured ; Saving if Restructured ; Registered ; Example Multiplexer Output             ;
+--------------------+-----------+---------------+----------------------+------------------------+------------+----------------------------------------+
; 3:1                ; 3 bits    ; 6 LEs         ; 3 LEs                ; 3 LEs                  ; Yes        ; |alu_top|nr_div4_signed:U_DIV|Mmag[0]  ;
; 3:1                ; 16 bits   ; 32 LEs        ; 16 LEs               ; 16 LEs                 ; Yes        ; |alu_top|prod_reg[2]                   ;
; 3:1                ; 4 bits    ; 8 LEs         ; 4 LEs                ; 4 LEs                  ; Yes        ; |alu_top|booth_mul4:U_MUL|M[3]         ;
; 3:1                ; 16 bits   ; 32 LEs        ; 16 LEs               ; 16 LEs                 ; Yes        ; |alu_top|div_q[1]                      ;
; 4:1                ; 4 bits    ; 8 LEs         ; 8 LEs                ; 0 LEs                  ; Yes        ; |alu_top|booth_mul4:U_MUL|Q[2]         ;
; 4:1                ; 8 bits    ; 16 LEs        ; 8 LEs                ; 8 LEs                  ; Yes        ; |alu_top|nr_div4_signed:U_DIV|A_reg[0] ;
; 4:1                ; 2 bits    ; 4 LEs         ; 4 LEs                ; 0 LEs                  ; Yes        ; |alu_top|nr_div4_signed:U_DIV|Mmag[2]  ;
; 5:1                ; 3 bits    ; 9 LEs         ; 6 LEs                ; 3 LEs                  ; Yes        ; |alu_top|booth_mul4:U_MUL|cnt[0]       ;
; 5:1                ; 2 bits    ; 6 LEs         ; 4 LEs                ; 2 LEs                  ; Yes        ; |alu_top|nr_div4_signed:U_DIV|Q[1]     ;
; 5:1                ; 2 bits    ; 6 LEs         ; 4 LEs                ; 2 LEs                  ; Yes        ; |alu_top|nr_div4_signed:U_DIV|cnt[1]   ;
; 6:1                ; 4 bits    ; 16 LEs        ; 8 LEs                ; 8 LEs                  ; Yes        ; |alu_top|booth_mul4:U_MUL|A[0]         ;
; 6:1                ; 4 bits    ; 16 LEs        ; 8 LEs                ; 8 LEs                  ; Yes        ; |alu_top|nr_div4_signed:U_DIV|R[3]     ;
; 7:1                ; 3 bits    ; 12 LEs        ; 6 LEs                ; 6 LEs                  ; Yes        ; |alu_top|nr_div4_signed:U_DIV|R_res[3] ;
; 7:1                ; 3 bits    ; 12 LEs        ; 6 LEs                ; 6 LEs                  ; Yes        ; |alu_top|nr_div4_signed:U_DIV|Q_res[1] ;
; 4:1                ; 4 bits    ; 8 LEs         ; 8 LEs                ; 0 LEs                  ; No         ; |alu_top|out_bus                       ;
; 4:1                ; 3 bits    ; 6 LEs         ; 6 LEs                ; 0 LEs                  ; No         ; |alu_top|out_bus                       ;
; 3:1                ; 5 bits    ; 10 LEs        ; 10 LEs               ; 0 LEs                  ; No         ; |alu_top|booth_mul4:U_MUL|st           ;
+--------------------+-----------+---------------+----------------------+------------------------+------------+----------------------------------------+


+-------------------------------------------------------------+
; Parameter Settings for User Entity Instance: addsub_n:U_ADD ;
+----------------+-------+------------------------------------+
; Parameter Name ; Value ; Type                               ;
+----------------+-------+------------------------------------+
; N              ; 4     ; Signed Integer                     ;
+----------------+-------+------------------------------------+
Note: In order to hide this table in the UI and the text report file, please set the "Show Parameter Settings in Synthesis Report" option in "Analysis and Synthesis Settings -> More Settings" to "Off".


+-------------------------------------------------------------------------+
; Parameter Settings for User Entity Instance: addsub_n:U_ADD|rca_n:U_RCA ;
+----------------+-------+------------------------------------------------+
; Parameter Name ; Value ; Type                                           ;
+----------------+-------+------------------------------------------------+
; n              ; 4     ; Signed Integer                                 ;
+----------------+-------+------------------------------------------------+
Note: In order to hide this table in the UI and the text report file, please set the "Show Parameter Settings in Synthesis Report" option in "Analysis and Synthesis Settings -> More Settings" to "Off".


+-------------------------------------------------------------+
; Parameter Settings for User Entity Instance: addsub_n:U_SUB ;
+----------------+-------+------------------------------------+
; Parameter Name ; Value ; Type                               ;
+----------------+-------+------------------------------------+
; N              ; 4     ; Signed Integer                     ;
+----------------+-------+------------------------------------+
Note: In order to hide this table in the UI and the text report file, please set the "Show Parameter Settings in Synthesis Report" option in "Analysis and Synthesis Settings -> More Settings" to "Off".


+-------------------------------------------------------------------------+
; Parameter Settings for User Entity Instance: addsub_n:U_SUB|rca_n:U_RCA ;
+----------------+-------+------------------------------------------------+
; Parameter Name ; Value ; Type                                           ;
+----------------+-------+------------------------------------------------+
; n              ; 4     ; Signed Integer                                 ;
+----------------+-------+------------------------------------------------+
Note: In order to hide this table in the UI and the text report file, please set the "Show Parameter Settings in Synthesis Report" option in "Analysis and Synthesis Settings -> More Settings" to "Off".


+------------------------------------------------------------------------------+
; Parameter Settings for User Entity Instance: booth_mul4:U_MUL|addsub_n:U_ADD ;
+----------------+-------+-----------------------------------------------------+
; Parameter Name ; Value ; Type                                                ;
+----------------+-------+-----------------------------------------------------+
; N              ; 4     ; Signed Integer                                      ;
+----------------+-------+-----------------------------------------------------+
Note: In order to hide this table in the UI and the text report file, please set the "Show Parameter Settings in Synthesis Report" option in "Analysis and Synthesis Settings -> More Settings" to "Off".


+------------------------------------------------------------------------------------------+
; Parameter Settings for User Entity Instance: booth_mul4:U_MUL|addsub_n:U_ADD|rca_n:U_RCA ;
+----------------+-------+-----------------------------------------------------------------+
; Parameter Name ; Value ; Type                                                            ;
+----------------+-------+-----------------------------------------------------------------+
; n              ; 4     ; Signed Integer                                                  ;
+----------------+-------+-----------------------------------------------------------------+
Note: In order to hide this table in the UI and the text report file, please set the "Show Parameter Settings in Synthesis Report" option in "Analysis and Synthesis Settings -> More Settings" to "Off".


+----------------------------------------------------------------------------------------------------------------+
; Port Connectivity Checks: "nr_div4_signed:U_DIV"                                                               ;
+------+--------+----------+-------------------------------------------------------------------------------------+
; Port ; Type   ; Severity ; Details                                                                             ;
+------+--------+----------+-------------------------------------------------------------------------------------+
; div0 ; Output ; Info     ; Connected to dangling logic. Logic that only feeds a dangling port will be removed. ;
+------+--------+----------+-------------------------------------------------------------------------------------+


+-----------------------------------------------------------------------------------------------------------------+
; Port Connectivity Checks: "booth_mul4:U_MUL|addsub_n:U_ADD"                                                     ;
+-------+--------+----------+-------------------------------------------------------------------------------------+
; Port  ; Type   ; Severity ; Details                                                                             ;
+-------+--------+----------+-------------------------------------------------------------------------------------+
; cout  ; Output ; Info     ; Connected to dangling logic. Logic that only feeds a dangling port will be removed. ;
; v_ovf ; Output ; Info     ; Connected to dangling logic. Logic that only feeds a dangling port will be removed. ;
+-------+--------+----------+-------------------------------------------------------------------------------------+


+--------------------------------------------+
; Port Connectivity Checks: "addsub_n:U_SUB" ;
+--------+-------+----------+----------------+
; Port   ; Type  ; Severity ; Details        ;
+--------+-------+----------+----------------+
; addsub ; Input ; Info     ; Stuck at VCC   ;
+--------+-------+----------+----------------+


+--------------------------------------------+
; Port Connectivity Checks: "addsub_n:U_ADD" ;
+--------+-------+----------+----------------+
; Port   ; Type  ; Severity ; Details        ;
+--------+-------+----------+----------------+
; addsub ; Input ; Info     ; Stuck at GND   ;
+--------+-------+----------+----------------+


+-------------------------------+
; Elapsed Time Per Partition    ;
+----------------+--------------+
; Partition Name ; Elapsed Time ;
+----------------+--------------+
; Top            ; 00:00:00     ;
+----------------+--------------+


+-------------------------------+
; Analysis & Synthesis Messages ;
+-------------------------------+
Info: *******************************************************************
Info: Running Quartus II 64-Bit Analysis & Synthesis
    Info: Version 13.0.1 Build 232 06/12/2013 Service Pack 1 SJ Web Edition
    Info: Processing started: Fri Oct 17 18:48:59 2025
Info: Command: quartus_map --read_settings_files=on --write_settings_files=off CEG3155_Lab2 -c CEG3155_Lab2
Warning (20028): Parallel compilation is not licensed and has been disabled
Info (12021): Found 2 design units, including 1 entities, in source file half_adder.vhd
    Info (12022): Found design unit 1: half_adder-rtl
    Info (12023): Found entity 1: half_adder
Info (12021): Found 2 design units, including 1 entities, in source file full_adder.vhd
    Info (12022): Found design unit 1: full_adder-rtl
    Info (12023): Found entity 1: full_adder
Info (12021): Found 2 design units, including 1 entities, in source file rca_n.vhd
    Info (12022): Found design unit 1: rca_n-structural
    Info (12023): Found entity 1: rca_n
Info (12021): Found 2 design units, including 1 entities, in source file addsub_n.vhd
    Info (12022): Found design unit 1: addsub_n-structural
    Info (12023): Found entity 1: addsub_n
Info (12021): Found 2 design units, including 1 entities, in source file booth_mul4.vhd
    Info (12022): Found design unit 1: booth_mul4-rtl
    Info (12023): Found entity 1: booth_mul4
Info (12021): Found 2 design units, including 1 entities, in source file nr_div4_signed.vhd
    Info (12022): Found design unit 1: nr_div4_signed-rtl
    Info (12023): Found entity 1: nr_div4_signed
Info (12021): Found 2 design units, including 1 entities, in source file alu_top.vhd
    Info (12022): Found design unit 1: alu_top-rtl
    Info (12023): Found entity 1: alu_top
Info (12127): Elaborating entity "alu_top" for the top level hierarchy
Warning (10036): Verilog HDL or VHDL warning at alu_top.vhd(48): object "div_div0" assigned a value but never read
Info (12128): Elaborating entity "addsub_n" for hierarchy "addsub_n:U_ADD"
Info (12128): Elaborating entity "rca_n" for hierarchy "addsub_n:U_ADD|rca_n:U_RCA"
Info (12128): Elaborating entity "full_adder" for hierarchy "addsub_n:U_ADD|rca_n:U_RCA|full_adder:\gen:0:fa_i"
Info (12128): Elaborating entity "booth_mul4" for hierarchy "booth_mul4:U_MUL"
Warning (10036): Verilog HDL or VHDL warning at booth_mul4.vhd(46): object "dmy_c" assigned a value but never read
Warning (10036): Verilog HDL or VHDL warning at booth_mul4.vhd(46): object "dmy_v" assigned a value but never read
Warning (10492): VHDL Process Statement warning at booth_mul4.vhd(117): signal "bundle" is read inside the Process Statement but isn't in the Process Statement's sensitivity list
Warning (10492): VHDL Process Statement warning at booth_mul4.vhd(118): signal "bundle" is read inside the Process Statement but isn't in the Process Statement's sensitivity list
Warning (10492): VHDL Process Statement warning at booth_mul4.vhd(119): signal "bundle" is read inside the Process Statement but isn't in the Process Statement's sensitivity list
Warning (10631): VHDL Process Statement warning at booth_mul4.vhd(80): inferring latch(es) for signal or variable "bundle", which holds its previous value in one or more paths through the process
Info (10041): Inferred latch for "bundle[0]" at booth_mul4.vhd(80)
Info (10041): Inferred latch for "bundle[1]" at booth_mul4.vhd(80)
Info (10041): Inferred latch for "bundle[2]" at booth_mul4.vhd(80)
Info (10041): Inferred latch for "bundle[3]" at booth_mul4.vhd(80)
Info (10041): Inferred latch for "bundle[4]" at booth_mul4.vhd(80)
Info (10041): Inferred latch for "bundle[5]" at booth_mul4.vhd(80)
Info (10041): Inferred latch for "bundle[6]" at booth_mul4.vhd(80)
Info (10041): Inferred latch for "bundle[7]" at booth_mul4.vhd(80)
Info (10041): Inferred latch for "bundle[8]" at booth_mul4.vhd(80)
Info (12128): Elaborating entity "nr_div4_signed" for hierarchy "nr_div4_signed:U_DIV"
Warning (10492): VHDL Process Statement warning at nr_div4_signed.vhd(145): signal "Q_res" is read inside the Process Statement but isn't in the Process Statement's sensitivity list
Warning (10492): VHDL Process Statement warning at nr_div4_signed.vhd(146): signal "R_res" is read inside the Process Statement but isn't in the Process Statement's sensitivity list
Warning (10492): VHDL Process Statement warning at nr_div4_signed.vhd(147): signal "div0_r" is read inside the Process Statement but isn't in the Process Statement's sensitivity list
Warning (10492): VHDL Process Statement warning at nr_div4_signed.vhd(148): signal "done_r" is read inside the Process Statement but isn't in the Process Statement's sensitivity list
Info (13025): Duplicate LATCH primitives merged into single LATCH primitive
    Info (13026): Duplicate LATCH primitive "booth_mul4:U_MUL|bundle[8]" merged with LATCH primitive "booth_mul4:U_MUL|bundle[7]"
Info (286030): Timing-Driven Synthesis is running
Info (16010): Generating hard_block partition "hard_block:auto_generated_inst"
    Info (16011): Adding 0 node(s), including 0 DDIO, 0 PLL, 0 transceiver and 0 LCELL
Info (21057): Implemented 242 device resources after synthesis - the final resource count might be different
    Info (21058): Implemented 12 input pins
    Info (21059): Implemented 11 output pins
    Info (21061): Implemented 219 logic cells
Info: Quartus II 64-Bit Analysis & Synthesis was successful. 0 errors, 12 warnings
    Info: Peak virtual memory: 4662 megabytes
    Info: Processing ended: Fri Oct 17 18:49:01 2025
    Info: Elapsed time: 00:00:02
    Info: Total CPU time (on all processors): 00:00:02


